[  0.00000 Itializing cgroup subsys cpuset
[    0.000000] Initializing cgroup subsys cpu
[    0.000000] Initializing cgroup subsys cpuacct
[    0.000000] Linux version 4.4.0-134-generic (buildd@lgw01-amd64-033) (gcc version 5.4.0 20160609 (Ubuntu 5.4.0-6ubuntu1~16.04.10) ) #160-Ubuntu SMP Wed Aug 15 14:58:00 UTC 2018 (Ubuntu 4.4.0-134.160-generic 4.4.140)
[    0.000000] Command line: BOOT_IMAGE=/boot/vmlinuz-4.4.0-134-generic root=LABEL=cloudimg-rootfs ro console=tty1 console=ttyS0
[    0.000000] KERNEL supported cpus:
[    0.000000]   Intel GenuineIntel
[    0.000000]   AMD AuthenticAMD
[    0.000000]   Centau CtarHas[    0.000000] x86/fpu:xstatofset[2]:  576, xstate_sizes[2]:  256
[    0.000000] x8fp Supportg XSE fetu 001: 'x87 floing point registers'
[    0.000000] x86/fpu: Supporting XSAVE featue 0x02'S rgiste'[    0.000000] x86/u:Supporting XSE atre 0x04: 'AVX registers'
[    0.000000] x86/fpu: Enabled xstate features 0x7, context size is 832 bytes, using 'standard' format.
[    0.000000] e820: BIOS-provided physical RAM map:
[    0.000000] BIOS-e820: [mem 0x0000000000000000-0x000000000009fbff] usable
[    0.000000] BIOS-e820: mem 0x000000009fc0-00000000009ff]eserv
    0.000000] BIOS-e820: [mem 0x00000000000f0000-0x00000000000fffff] reserved
[    0.000000] BIOS-e820: [mem 0x0000000000100000-0x000000003ffeffff] usable
[    0.000000] BIOS-e820: [em 0x0000003fff0000-0x000000003fffffff] CPI data
[    0.000000] BIOS-e820: [mem 0x00000000fec00000-00000000fec00fff] reserved
[    0.000000] BIOS-e820: [mem 0x0000000fee00000-0x00000000fee00fff] reserved
[    0.0000] BIOS-e820: em0x00000000fc0000-0x00000000ffffffff] reserved
[    0.000000] NX (Execute Disable) protection: active
[    0.000000] SMBIOS 2.5 present.
[    0.000000] Hypervisor detected: KVM
[    0.000000] e820: last_pfn = 0x3fff0 max_arch_pfn = 0x400000000
[    0.000000] MTRR: Disabled
[    0.000000] x86/PAT: MTRRs disabled, skipping PAT initialization too.
[    0.000000] CPU MTRRs all blank - virtualized system.
[    0.000000] x86/PAT: Configuration [0-7]: WB  WT  UC- UC  WB  WT  UC- UC  
[    0.00000] found SMP MP-table at [mem 0x009f0-x0009ffff] mapped a[ff88000009fff0]
[    0.000000] Scanning 1 areas for low memory corruption
[    0.000000] RAMDISK: [mem 0x3630c000-0x3717dfff]
[    0.000000] ACPI: Early table checksum verification disabled
[    0.000000] ACPI: RSDP 0x00000000000E0000 000024 (v02 VX  )[    0.000] ACPI:XSD0x0000003FFF0030 00003C (v01 VBOX   VBOXXSDT 00000001 ASL  00000061)
[  000000] ACPI: FACPx0000003FFF00F0 0000F4 (v04 VBOX   VBOXFACP 00000001 ASL  00000061)
[    0.000000] ACPI: DSDT 0x000000003FFF0470 0021FF (v02 VBOX   VBOXBIOS 00000002 INTL 20100528)
[    0.000000] ACPI: FACS 0x00003FFF0200 000040
[    0.000000] ACPI: FACS 0x000000003FFF0200 000040
[    0.000000] ACPI: APIC 0x000000003FFF2400005Cv0VBOX   VBOXAPI 00001 ASL000061)
[  0.0000] PISSDT 0x000000003FFF02A0 0001CC (v01 VBOX   VBOXCPUT 00000002 INTL 20100528)
[    0.000000] No NUMA configuration found
[    0.000000] Faking a node at [mem 0x00000000000000-0x000000003ffeffff]
[    000000] NODE_DATA(0) allocated [mem 0x3ffeb000-0x3ffeffff]
[    0.000000] kvmm-clock: Using msrs 4b564d01 and 4b564d00
[    0.000000] kvm-clock: cpu 0, msr 0:3ffe3001, primary cpu clock
[    0.000000] kvmclock: using sched offset of 3463548751 cycles
[    0.000000] clocksource: kvm-clock: mask: 0xffffffffffffffff max_cycles: 0x1cd42e4dffb, max_idle_ns: 881590591483 ns
[    0.000000] Zone ranges:
[    0.000000]   DMA     [mem 0x0000000000001000-0x0000000000ffffff]
[    0.000000]   DMA32    [mem 0x00000000010000000x000000003ffeffff]
[    0.000000]   Normal   empty
[    0.000000]   Device   empty
[    0.000000] Movable zone start for each node
[    0.000000] Early memory node ranges
[    0.000000]   node   0: [mem 0x0000000000001000-0x000000000009efff]
[    0.0000]  node   0: [mem 0x000000100000-0x000000003ffeffff]
[    0.000000] Initmem setup node 0 [mem 0x0000000000001000-0x000000003ffeffff]
[    0.000000] ACPI: PM-Timer IO Port: 0x4008
[    0.000000] IOAPIC[0]: apic_id 2, version 32, addreess 0xfec00000, GSI 0-23
[    0.000000] ACPI: INT_SRC_OVR (bus 0 bus_irq 0 global_irq 2 dfl dfl)
[    0.000000] ACPI: INT_SRC_OVR (bus 0 bus_irq 9 global_irq 9 low level)
[    0.000000] Using ACPI (MADT) for SMP configuration information
[    0.000000] smpboot: Allowing 2 CPUs, 0 hotplug CPUs
[   .0000] PM:egtered nosave mory: [mem 0x00000000-0x00000fff]
[    0.000000] PM: Registered nosave memory: [mem 0x0009f000-0x0009ffff]
[    0.000000] PM: Registered nosave memory: [mem 0x000a0000-0x000effff]
[    0.000000] PM: Registered nosave memory: [mem 0x000f0000-0x000fffff]
[    0.000000] e820: [mem 0x40000000-0xfebfffff] available for PCI devices
[    0.000000] Booting paravirtualized kernel on KVM
[    0.000000] clocksource: refined-jiffies: mask: 0xffffffff max_cycles: 0xffffffff, max_idle_ns: 7645519600211568 ns
[    0.000000] setup_percpu: NR_CPUS:512 nr_cpumask_bits:512 nr_cpu_ids:2 nrnode_ids:1
[    0.000000] PERCPU: Embedded 34 pages/cpu @ffff88003fc00000 s99544 r8192 d31528 u1048576
[    0.000000] PV qspinlock hash table entries: 256 (rder:, 096 bytes)
[    0.000000] Built 1 zonelists in Node order, mobility grouping on.  Total pages: 257912
[    0.000000] Policy zone: DMA32
[    0.000000] Kernel command line: BOOT_IMAGE=/boot/vmlinuz-4.4.0-134-generic root=LABEL=cloudimg-rootfs ro console=tty1 console=ttyS0
[    0.000000] PID hash table entries: 4096 (order: 3, 32768 bytes)
[    0.000000] Memory: 997724K/1048120K available (8554K kernel code, 1314K rwdata, 4004K rodata, 1516K init, 1316K bss, 50396K reserved, 0K cma-reserved)
[  0.000000] LUBHWign=64, Order=0-3MinObjects=0, CPUs=2, Nodes=1
[    0.000000] rnel/erage tles isotion: abled
[    000000] Hierchal RCU implementation.
[    0.000000] 	Build-time adjustment of leaf fanout to 64.
[    0.000000] 	RCU restricting CPUs from NR_CPUS=512 to nr_cpu_ids=2.
[    0.000000] RCU: Adjusting geometry for rcu_fanout_leaf=64, nr_cpu_ids=2
[    0.000000] NR_IRQS:33024 nr_irqs:440 16
[    0.000000] Coonse: colour VGA+ 80x25
[    0.000000] console ty] enable
[   0.000000] consol[ttyS0] aabled[   0.000000] tsc: Detected 3095.998 MHz processor
[    3.294705] Calibrating delay loop (skipped) preset value.. 6191.99 BogoMIPS (lpj=12383992)
[    3.300731] pid_max: default: 32768 minimum: 301
[    3.302353] ACPI: Core revision 20150930
[    3.310259] ACPI: 2 ACPI AML tables successfully acquired and loaded
[    3.312876] Security Framework initialized
[    3.314574] Yama: becoming mindful.
[    3.315647] AppArmor: AppArmor initialized
[    3.317135] Dentry cache hash table entries: 131072 (order: 8, 1048576 bytes)
[    3.323000] Inode-cache hash table entries: 65536 (order: 7, 524288 bytes)
[    3.328222] Mount-cache hash table entries: 2048 (order: 2, 16384 bytes)
[    3.332740] Mountpoint-cache hash table entries: 2048 (order: 2, 16384 bytes)
[    3.339150] Initializing cgroup subsys io
[    3.344975] Initializing cgroup subsys memory
[    3.348469] Initializing cgroup subsys devices
[    3.353196] Initializing cgroup subsys freezer
[    3.357791] Initializing cgroup subsys net_cls
[    3.361330] Initializing cgroup subsys perf_event
[    3.365152] Initializing cgroup subsys net_prio
[    3.368631] Initializing cgroup subsys hugetlb
[    3.373937] Initializing cgroup subsys pids
[    3.380747] mce: CPU supports 0 MCE banks
[    3.386765] Last level iTLB entries: 4KB 64, 2MB 8, 4MB 8
[    3.394939] Last level dTLB entries: 4KB 64, 2MB 0, 4MB 0, 1GB 4
[    3.397021] Spectre V2 : Mitigation: Full generic retpoline
[    3.405197] Spectre V2 : Speculation control IBPB not-supported IBRS not-supported
[    3.407204] Spectre V2 : Filling RSB on context switch
[    3.408948] Speculative Store Bypass: Vulnerable
[    3.412516] Freeing SMP alternatives memory: 32K
[    3.422034] ftrace: allocating 32266 entries in 127 pages
[    3.513901] smpboot: APIC(0) Converting physical 0 to logical package 0
[    3.521737] smpboot: Max logical packages: 1
[    3.523331] x2apic enabled
[    3.524695] Switched APIC routing to physical x2apic.
[    3.527136] ..TIMER: vector=0x30 apic1=0 pin1=2 apic2=-1 pin2=-1
[    3.636915] smpboot: CPU0: Intel(R) Core(TM) i5-7267U CPU @ 3.10GHz (family: 0x6, model: 0x8e, stepping: 0x9)
[    3.696806] Performance Events: unsupported p6 CPU model 142 no PMU driver, software events only.
[    3.699485] KVM setup paravirtual spinlock
[    3.707011] x86: Booting SMP configuration:
[    3.708239] .... node  #0, CPUs:      #1
[    3.709610] kvm-clock: cpu 1, msr 0:3ffe3041, secondary cpu clock
[    3.724960] mce: CPU supports 0 MCE banks
[    3.727886] x86: Booted up 1 node, 2 CPUs
[    3.762032] smpboot: Total of 2 processors activated (12383.99 BogoMIPS)
[    3.819927] devtmpfs: initialized
[    3.823554] evm: security.selinux
[    3.838283] evm: security.SMACK64
[    3.839378] evm: security.SMACK64EXEC
[    3.840576] evm: security.SMACK64TRANSMUTE
[    3.841777] evm: security.SMACK64MMAP
[    3.842873] evm: security.ima
[    3.845064] evm: security.capability
[    3.863247] clocksource: jiffies: mask: 0xffffffff max_cycles: 0xffffffff, max_idle_ns: 7645041785100000 ns
[    3.897078] futex hash table entries: 512 (order: 3, 32768 bytes)
[    3.923457] pinctrl core: initialized pinctrl subsystem
[    3.969593] RTC time: 18:07:19, date: 08/24/18
[    3.982234] NET: Registered protocol family 16
[    3.993494] cpuidle: using governor ladder
[    4.037894] cpuidle: using governor menu
[    4.046257] PCCT header not found.
[    4.048909] ACPI: bus type PCI registered
[    4.050232] acpiphp: ACPI Hot Plug PCI Controller Driver version: 0.5
[    4.052306] PCI: Using configuration type 1 for base access
[    4.066275] ACPI: Added _OSI(Module Device)
[    4.067666] ACPI: Added _OSI(Processor Device)
[    4.069082] ACPI: Added _OSI(3.0 _SCP Extensions)
[    4.070512] ACPI: Added _OSI(Processor Aggregator Device)
[    4.072891] ACPI: Executed 1 blocks of module-level executable AML code
[    4.077041] ACPI: Interpreter enabled
[    4.078233] ACPI: (supports S0 S5)
[    4.080907] ACPI: Using IOAPIC for interrupt routing
[    4.100503] PCI: Using host bridge windows from ACPI; if necessary, use "pci=nocrs" and report a bug
[    4.106973] ACPI: PCI Root Bridge [PCI0] (domain 0000 [bus 00-ff])
[    4.116470] acpi PNP0A03:00: _OSC: OS supports [ASPM ClockPM Segments MSI]
[    4.118374] acpi PNP0A03:00: _OSC: not requesting OS control; OS requires [ExtendedConfig ASPM ClockPM MSI]
[    4.122450] acpi PNP0A03:00: fail to add MMCONFIG information, can't access extended PCI configuration space under this bridge.
[    4.149253] PCI host bridge to bus 0000:00
[    4.162996] pci_bus 0000:00: root bus resource [io  0x0000-0x0cf7 window]
[    4.165053] pci_bus 0000:00: root bus resource [io  0x0d00-0xffff window]
[    4.166998] pci_bus 0000:00: root bus resource [mem 0x000a0000-0x000bffff window]
[    4.169340] pci_bus 0000:00: root bus resource [mem 0x40000000-0xfdffffff window]
[    4.171534] pci_bus 0000:00: root bus resource [bus 00-ff]
[    4.175627] pci 0000:00:01.1: legacy IDE quirk: reg 0x10: [io  0x01f0-0x01f7]
[    4.194146] pci 0000:00:01.1: legacy IDE quirk: reg 0x14: [io  0x03f6]
[    4.195927] pci 0000:00:01.1: legacy IDE quirk: reg 0x18: [io  0x0170-0x0177]
[    4.203475] pci 0000:00:01.1: legacy IDE quirk: reg 0x1c: [io  0x0376]
[    4.218013] pci 0000:00:07.0: quirk: [io  0x4000-0x403f] claimed by PIIX4 ACPI
[    4.246132] pci 0000:00:07.0: quirk: [io  0x4100-0x410f] claimed by PIIX4 SMB
[    4.268615] ACPI: PCI Interrupt Link [LNKA] (IRQs 5 9 10 *11)
[    4.298601] ACPI: PCI Interrupt Link [LNKB] (IRQs 5 9 *10 11)
[    4.305152] ACPI: PCI Interrupt Link [LNKC] (IRQs 5 *9 10 11)
[    4.315690] ACPI: PCI Interrupt Link [LNKD] (IRQs 5 9 10 *11)
[    4.319155] ACPI: Enabled 2 GPEs in block 00 to 07
[    4.333034] vgaarb: setting as boot device: PCI:0000:00:02.0
[    4.340364] vgaarb: device added: PCI:0000:00:02.0,decodes=io+mem,owns=io+mem,locks=none
[    4.357256] vgaarb: loaded
[    4.366098] vgaarb: bridge control possible 0000:00:02.0
[    4.376886] SCSI subsystem initialized
[    4.383621] ACPI: bus type USB registered
[    4.406729] usbcore: registered new interface driver usbfs
[    4.408321] usbcore: registered new interface driver hub
[    4.409930] usbcore: registered new device driver usb
[    4.414710] PCI: Using ACPI for IRQ routing
[    4.422135] NetLabel: Initializing
[    4.425057] NetLabel:  domain hash size = 128
[    4.426494] NetLabel:  protocols = UNLABELED CIPSOv4
[    4.428268] NetLabel:  unlabeled traffic allowed by default
[    4.440966] amd_nb: Cannot enumerate AMD northbridges
[    4.442541] clocksource: Switched to clocksource kvm-clock
[    4.46634] AppArmor: AppArmor Filesystem Enabled
[    4.527640] pnp: PnP ACPI init
[    529703] pnp: PnP AC: found 3 device

[  49398 cckur: cpi_pm: mask: 0fff x_cycles: 0xfff m_ie_ns: 8510 n
[  5.473078] NET: Registered protocol family 2
[    5.542165] TCP established hash table entries: 8192 (order: 4, 65536 bytes)
[    5.544422] TCP bind hash table entries 8192 (order: 5, 131072 bytes)
[    5.569554] TCP: Hash tables configured (established 8192 bind 8192)
[    5.571495] UDP hash table entries: 512 (order2,6384bytes)
[    5.765297] UDP-Lite hash table entries: 512 (order: 2, 16384 bytes)
[    5.767425] NET: Registered protocol family 1
[    5.768804] pci 0000:00:00.0: Limiting direct PCI/PCI transfers
[    5.770697] pci 0000:00:01.0: Activating ISA DMA hang workarounds
[    5.772676] Unpacking initramfs...

[    5.981335] Freeing initrd memory: 14792K
[    5.997970] platform rtc_cmos: registered platform RTC device (no PNP device found)
[    6.000750] Scanning for low memory corruption every 60 seconds
[    6.020140] audit: initializing netlink subsys (disabled)
[    6.099619] audit: type=2000 audit(1535134042.489:1): initialized
[    6.128843] Initialise system trusted keyring
[    6.139524] HugeTLB registered 2 MB page size, pre-allocated 0 pages
[    6.151687] zbud: loaded
[    6.174937] VFS: Disk quotas dquot_6.6.0
[    6.210511] VFS: Dquot-cache hash table entries: 512 (order 0, 4096 bytes)
[    6.224385] squashfs: version 4.0 (2009/01/31) Phillip Lougher
[    6.310235] fuse init (API version 7.23)
[    6.311580] Key type big_key registered
[    6.313042] Allocating IMA MOK and blacklist keyrings.
[    6.344548] Key type asymmetric registered
[    6.345531] Asymmetric key parser 'x509' registered
[    6.346715] Block layer SCSI generic (bsg) driver version 0.4 loaded (major 249)
[    6.348654] io scheduler noop registered
[    6.349598] io scheduler deadline registered (default)
[    6.351026] io scheduler cfq registered
[    6.410664] pci_hotplug: PCI Hot Plug PCI Core version: 0.5
[    6.412523] pciehp: PCI Express Hot Plug Controller Driver version: 0.4
[    6.421974] ACPI: AC Adapter [AC] (off-line)
[    6.465281] input: Power Button as /devices/LNXSYSTM:00/LNXPWRBN:00/input/input0
[    6.570226] ACPI: Power Button [PWRF]
[    6.623894] input: Sleep Button as /devices/LNXSYSTM:00/LNXSLPBN:00/input/input1
[    6.670235] ACPI: Sleep Button [SLPF]
[    6.686375] ACPI: Battery Slot [BAT0] (battery present)
[    6.702195] GHES: HEST is not enabled!
[    6.703648] Serial: 8250/16550 driver, 32 ports, IRQ sharing enabled
[    6.753229] 00:02: ttyS0 at I/O 0x3f8 (irq = 4, base_baud = 115200) is a 16550A
[    6.757181] Linux agpgart interface v0.103
[    6.767753] loop: module loaded
[    6.774339] scsi host0: ata_piix
[    6.777123] scsi host1: ata_piix
[    6.779912] ata1: PATA max UDMA/33 cmd 0x1f0 ctl 0x3f6 bmdma 0xd000 irq 14
[    6.785280] ata2: PATA max UDMA/33 cmd 0x170 ctl 0x376 bmdma 0xd008 irq 15
[    6.790297] libphy: Fixed MDIO Bus: probed
[    6.795080] tun: Universal TUN/TAP device driver, 1.6
[    6.798974] tun: (C) 1999-2004 Max Krasnyansky <maxk@qualcomm.com>
[    6.803552] PPP generic driver version 2.4.2
[    6.807688] ehci_hcd: USB 2.0 'Enhanced' Host Controller (EHCI) Driver
[    6.817326] ehci-pci: EHCI PCI platform driver
[    6.821765] ehci-platform: EHCI generic platform driver
[    6.826175] ohci_hcd: USB 1.1 'Open' Host Controller (OHCI) Driver
[    6.830910] ohci-pci: OHCI PCI platform driver
[    6.839658] ohci-platform: OHCI generic platform driver
[    6.841299] uhci_hcd: USB Universal Host Controller Interface driver
[    6.843680] i8042: PNP: PS/2 Controller [PNP0303:PS2K,PNP0f03:PS2M] at 0x60,0x64 irq 1,12
[    6.848038] serio: i8042 KBD port at 0x60,0x64 irq 1
[    6.849505] serio: i8042 AUX port at 0x60,0x64 irq 12
[    6.851128] mousedev: PS/2 mouse device common for all mice
[    6.853374] input: AT Translated Set 2 keyboard as /devices/platform/i8042/serio0/input/input2
[    6.854609] rtc_cmos rtc_cmos: rtc core: registered rtc_cmos as rtc0
[    6.854674] rtc_cmos rtc_cmos: alarms up to one day, 114 bytes nvram
[    6.854684] i2c /dev entries driver
[    6.854750] device-mapper: uevent: version 1.0.3
[    6.856134] device-mapper: ioctl: 4.34.0-ioctl (2015-10-28) initialised: dm-devel@redhat.com
[    6.856156] ledtrig-cpu: registered to indicate activity on CPUs
[    6.856466] NET: Registered protocol family 10
[    6.856617] NET: Registered protocol family 17
[    6.856628] Key type dns_resolver registered
[    6.856883] registered taskstats version 1
[    6.856896] Loading compiled-in X.509 certificates
[    6.857560] Loaded X.509 cert 'Build time autogenerated kernel key: 4eb3d024ac16f76c1747ffd474694c84db21038b'
[    6.857579] zswap: loaded using pool lzo/zbud
[    6.859811] Key type trusted registered
[    6.863490] Key type encrypted registered
[    6.863499] AppArmor: AppArmor sha1 policy hashing enabled
[    6.863502] ima: No TPM chip found, activating TPM-bypass!
[    6.863509] ima: Allocated hash algorithm: sha1
[    6.863578] evm: HMAC attrs: 0x1
[    6.863964]   Magic number: 14:789:140
[    6.870568] rtc_cmos rtc_cmos: setting system clock to 2018-08-24 18:07:22 UTC (1535134042)
[    6.870806] BIOS EDD facility v0.16 2004-Jun-25, 0 devices found
[    6.870806] EDD information not available.
[    7.264350] tsc: Refined TSC clocksource calibration: 3095.486 MHz
[    7.350307] clocksource: tsc: mask: 0xffffffffffffffff max_cycles: 0x2c9e9fbc99c, max_idle_ns: 440795312442 ns
[    7.362350] Freeing unused kernel memory: 1516K
[    7.549649] Write protecting the kernel read-only data: 14336k
[    7.999879] Freeing unused kernel memory: 1672K
[    8.008071] Freeing unused kernel memory: 92K
Loading, please wait...
starting version 229
[    8.034269] random: udevadm: uninitialized urandom read (16 bytes read, 7 bits of entropy available)
[    8.034913] random: systemd-udevd: uninitialized urandom read (16 bytes read, 7 bits of entropy available)
[    8.034974] random: systemd-udevd: uninitialized urandom read (16 bytes read, 7 bits of entropy available)
[    8.034983] random: systemd-udevd: uninitialized urandom read (16 bytes read, 7 bits of entropy available)
[    8.034993] random: systemd-udevd: uninitialized urandom read (16 bytes read, 7 bits of entropy available)
[    8.097371] random: udevadm: uninitialized urandom read (16 bytes read, 7 bits of entropy available)
[    8.105414] random: systemd-udevd: uninitialized urandom read (16 bytes read, 7 bits of entropy available)
[    8.112991] random: udevadm: uninitialized urandom read (16 bytes read, 7 bits of entropy available)
[    8.113025] random: udevadm: uninitialized urandom read (16 bytes read, 7 bits of entropy available)
[    8.113148] random: udevadm: uninitialized urandom read (16 bytes read, 7 bits of entropy available)
[    8.250834] e1000: Intel(R) PRO/1000 Network Driver - version 7.3.21-k8-NAPI
[    8.252548] e1000: Copyright (c) 1999-2006 Intel Corporation.
[    8.254070] Fusion MPT base driver 3.04.20
[    8.255352] Copyright (c) 1999-2008 LSI Corporation
[    8.262985] Fusion MPT SPI Host driver 3.04.20
[    8.272626] AVX2 version of gcm_enc/dec engaged.
[    8.281632] AES CTR mode by8 optimization enabled
[    8.496835] input: ImExPS/2 Generic Explorer Mouse as /devices/platform/i8042/serio1/input/input4
[    8.813955] e1000 0000:00:03.0 eth0: (PCI:33MHz:32-bit) 02:93:23:4d:82:b3
[    9.778386] e1000 0000:00:03.0 eth0: Intel(R) PRO/1000 Network Connection
[   10.385196] e1000 0000:00:08.0 eth1: (PCI:33MHz:32-bit) 08:00:27:a7:ac:6c
[   10.771728] e1000 0000:00:08.0 eth1: Intel(R) PRO/1000 Network Connection
[   10.777685] mptbase: ioc0: Initiating bringup
[   10.777766] e1000 0000:00:08.0 enp0s8: renamed from eth1
[   10.821748] e1000 0000:00:03.0 enp0s3: renamed from eth0
[   10.911830] ioc0: LSI53C1030 A0: Capabilities={Initiator}
[   11.114317] scsi host2: ioc0: LSI53C1030 A0, FwRev=00000000h, Ports=1, MaxQ=256, IRQ=20
[   11.231247] scsi 2:0:0:0: Direct-Access     VBOX     HARDDISK         1.0  PQ: 0 ANSI: 5
[   11.234431] scsi target2:0:0: Beginning Domain Validation
[   11.242547] scsi target2:0:0: Domain Validation skipping write tests
[   11.256327] scsi target2:0:0: Ending Domain Validation
[   11.291605] scsi target2:0:0: asynchronous
[   11.301191] scsi 2:0:1:0: Direct-Access     VBOX     HARDDISK         1.0  PQ: 0 ANSI: 5
[   11.789010] scsi target2:0:1: Beginning Domain Validation
[   12.400161] scsi target2:0:1: Domain Validation skipping write tests
[   12.403421] scsi target2:0:1: Ending Domain Validation
[   12.414515] scsi target2:0:1: asynchronous
[   12.436087] sd 2:0:0:0: [sda] 20971520 512-byte logical blocks: (10.7 GB/10.0 GiB)
[   12.436881] sd 2:0:0:0: Attached scsi generic sg0 type 0
[   12.438096] sd 2:0:1:0: [sdb] 20480 512-byte logical blocks: (10.5 MB/10.0 MiB)
[   12.438275] sd 2:0:1:0: [sdb] Write Protect is off
[   12.438367] sd 2:0:1:0: Attached scsi generic sg1 type 0
[   12.438406] sd 2:0:1:0: [sdb] Incomplete mode parameter data
[   12.438407] sd 2:0:1:0: [sdb] Assuming drive cache: write through
[   12.440208] sd 2:0:1:0: [sdb] Attached SCSI disk
[   12.918867] sd 2:0:0:0: [sda] Write Protect is off
[   12.956808] sd 2:0:0:0: [sda] Incomplete mode parameter data
[   12.987019] sd 2:0:0:0: [sda] Assuming drive cache: write through
[   13.047682]  sda: sda1
[   13.055138] sd 2:0:0:0: [sda] Attached SCSI disk
Begin: Loading essential drivers[   14.374179] md: linear personality registered for level -1
 ... [   14.412277] md: multipath personality registered for level -4
[   14.462938] md: raid0 personality registered for level 0
[   14.502174] md: raid1 personality registered for level 1
[   14.574556] raid6: sse2x1   gen() 11564 MB/s
[   14.646617] raid6: sse2x1   xor()  5514 MB/s
[   14.718565] raid6: sse2x2   gen()  7998 MB/s
[   14.806770] raid6: sse2x2   xor()  9453 MB/s
[   14.874811] raid6: sse2x4   gen() 14459 MB/s
[   14.942905] raid6: sse2x4   xor() 10800 MB/s
[   15.010791] raid6: avx2x1   gen() 22034 MB/s
[   15.078558] raid6: avx2x2   gen() 25242 MB/s
[   15.146816] raid6: avx2x4   gen() 27687 MB/s
[   15.161450] raid6: using algorithm avx2x4 gen() 27687 MB/s
[   15.163468] raid6: using avx2x2 recovery algorithm
[   15.171539] xor: automatically using best checksumming function:
[   15.210700]    avx       : 24978.000 MB/sec
[   15.270821] async_tx: api initialized (async)
[   15.306702] md: raid6 personality registered for level 6
[   15.327184] md: raid5 personality registered for level 5
[   15.340380] md: raid4 personality registered for level 4
[   15.368878] md: raid10 personality registered for level 10
done.
Begin: Running /scripts/init-premount ... done.
Begin: Mounting root file system ... Begin: Running /scripts/local-top ... done.
Begin: Running /scripts/local-premount ... [   15.418651] Btrfs loaded
Scanning for Btrfs filesystems
done.
Warning: fsck not present, so sk[   15.473323] EXT4-fs (sda1): mounted filesystem with ordered data mode. Opts: (null)
ipping root file system
done.
Begin: Running /scripts/local-bottom ... done.
Begin: Running /scripts/init-bottom ... done.
[   15.583720] systemd[1]: systemd 229 running in system mode. (+PAM +AUDIT +SELINUX +IMA +APPARMOR +SMACK +SYSVINIT +UTMP +LIBCRYPTSETUP +GCRYPT +GNUTLS +ACL +XZ -LZ4 +SECCOMP +BLKID +ELFUTILS +KMOD -IDN)
[   15.646467] systemd[1]: Detected virtualization oracle.
[   15.662935] systemd[1]: Detected architecture x86-64.

Welcome to [1mUbuntu 16.04.5 LTS[0m!

[   15.711301] systemd[1]: Set hostname to <ubuntu>.
[   15.716239] systemd[1]: Initializing machine ID from random generator.
[   15.718154] systemd[1]: Installed transient /etc/machine-id file.
[   15.857109] systemd[1]: Created slice System Slice.
[[0;32m  OK  [0m] Created slice System Slice.
[   15.881251] systemd[1]: Listening on Journal Socket.
[[0;32m  OK  [0m] Listening on Journal Socket.
[   15.931130] systemd[1]: Started Trigger resolvconf update for networkd DNS.
[[0;32m  OK  [0m] Started Trigger resolvconf update for networkd DNS.
[   15.955335] systemd[1]: Mounting Debug File System...
         Mounting Debug File System...
[   15.966619] systemd[1]: Created slice User and Session Slice.
[[0;32m  OK  [0m] Created slice User and Session Slice.
[   16.013820] systemd[1]: Listening on Journal Socket (/dev/log).
[[0;32m  OK  [0m] Listening on Journal Socket (/dev/log).
[   16.079274] systemd[1]: Starting Uncomplicated firewall...
         Starting Uncomplicated firewall...
[   16.085857] systemd[1]: Listening on udev Kernel Socket.
[[0;32m  OK  [0m] Listening on udev Kernel Socket.
[   16.144744] systemd[1]: Listening on LVM2 metadata daemon socket.
[[0;32m  OK  [0m] Listening on LVM2 metadata daemon socket.
[   16.223642] systemd[1]: Listening on /dev/initctl Compatibility Named Pipe.
[[0;32m  OK  [0m] Listening on /dev/initctl Compatibility Named Pipe.
[   16.327443] systemd[1]: Starting Set console keymap...
         Startin[   16.333645] random: nonblocking pool is initialized
g Set console keymap...
[   16.351634] systemd[1]: Started Forward Password Requests to Wall Directory Watch.
[[0;32m  OK  [0m] Started Forward Password Requests to Wall Directory Watch.
[   16.387779] systemd[1]: Set up automount Arbitrary Executable File Formats File System Automount Point.
[[0;32m  OK  [0m] Set up automount Arbitrary Executab...ats File System Automount Point.
[   16.448017] systemd[1]: Reached target Swap.
[[0;32m  OK  [0m] Reached target Swap.
[   16.491079] systemd[1]: Starting Create list of required static device nodes for the current kernel...
         Starting Create list of required st... nodes for the current kernel...
[   16.578146] systemd[1]: Reached target User and Group Name Lookups.
[[0;32m  OK  [0m] Reached target User and Group Name Lookups.
[   16.699400] systemd[1]: Starting Load Kernel Modules...
         Startin[   16.707953] Loading iSCSI transport class v2.0-870.
g Load Kernel Mo[   16.724380] iscsi: registered transport (tcp)
dules...
[   16.747728] systemd[1]: Created slice system-serial\x2dgetty.slice.
[[0;32m  OK  [0m] Created slic[   16.767028] iscsi: registered transport (iser)
e system-serial\x2dgetty.slice.
[   16.955224] systemd[1]: Mounting Huge Pages File System...
         Mounting Huge Pages File System...
[   16.967210] systemd[1]: Listening on Syslog Socket.
[[0;32m  OK  [0m] Listening on Syslog Socket.
[   17.044731] systemd[1]: Listening on LVM2 poll daemon socket.
[[0;32m  OK  [0m] Listening on LVM2 poll daemon socket.
[   17.064066] systemd[1]: Listening on Journal Audit Socket.
[[0;32m  OK  [0m] Listening on Journal Audit Socket.
[   17.067898] systemd[1]: Reached target Encrypted Volumes.
[[0;32m  OK  [0m] Reached target Encrypted Volumes.
[   17.083995] systemd[1]: Starting Remount Root and Kernel File Systems...
[   17.088028] EXT4-fs (sda1): re-mounted. Opts: (null)
         Starting Remount Root and Kernel File Systems...
[   17.223705] systemd[1]: Reached target System Time Synchronized.
[[0;32m  OK  [0m] Reached target System Time Synchronized.
[   17.315807] systemd[1]: Listening on Device-mapper event daemon FIFOs.
[[0;32m  OK  [0m] Listening on Device-mapper event daemon FIFOs.
[   17.431067] systemd[1]: Starting Monitoring of LVM2 mirrors, snapshots etc. using dmeventd or progress polling...
         Starting Monitoring of LVM2 mirrors... dmeventd or progress polling...
[   17.518963] systemd[1]: Mounting POSIX Message Queue File System...
         Mounting POSIX Message Queue File System...
[   17.551563] systemd[1]: Reached target Slices.
[[0;32m  OK  [0m] Reached target Slices.
[   17.587677] systemd[1]: Listening on udev Control Socket.
[[0;32m  OK  [0m] Listening on udev Control Socket.
[   17.625566] systemd[1]: Starting Journal Service...
         Starting Journal Service...
[   17.632026] systemd[1]: Starting Nameserver information manager...
         Starting Nameserver information manager...
[   17.672712] systemd[1]: Mounted POSIX Message Queue File System.
[[0;32m  OK  [0m] Mounted POSIX Message Queue File System.
[   17.763413] systemd[1]: Mounted Debug File System.
[[0;32m  OK  [0m] Mounted Debug File System.
[   17.840209] systemd[1]: Mounted Huge Pages File System.
[[0;32m  OK  [0m] Mounted Huge Pages File System.
[   17.865008] systemd[1]: Started Journal Service.
[[0;32m  OK  [0m] Started Journal Service.
[[0;32m  OK  [0m] Started Uncomplicated firewall.
[[0;32m  OK  [0m] Started Set console keymap.
[[0;32m  OK  [0m] Started Create list of required sta...ce nodes for the current kernel.
[[0;32m  OK  [0m] Started Load Kernel Modules.
[[0;32m  OK  [0m] Started Remount Root and Kernel File Systems.
[[0;32m  OK  [0m] Started Nameserver information manager.
[[0;32m  OK  [0m] Started LVM2 metadata daemon.
         Starting udev Coldplug all Devices...
         Starting Load/Save Random Seed...
         Starting Apply Kernel Variables...
         Mounting FUSE Control File System...
         Starting Create Static Device Nodes in /dev...
         Starting Flush Journal to Persistent Storage...
[[0;32m  OK  [0m] Mounted FUSE Control File System.
[[0;32m  OK  [0m] Started Load/Save Random Seed.
[[0;32m  OK  [0m] Started Apply Kernel Variables.
[[0;32m  OK  [0m] Started Create Static Device Nodes in /dev.
[[0;32m  OK  [0m] Started udev Coldplug all Devices.
[[0;32m  OK  [0m] Started Flush Journal to Persistent Storage.
         Starting udev Kernel Device Manager...
[[0;32m  OK  [0m] Started udev Kernel Device Manager.
[[0;32m  OK  [0m] Started Dispatch Password Requests to Console Directory Watch.
[[0;32m  OK  [0m] Started Monitoring of LVM2 mirrors,...ng dmeventd or progress polling.
[[0;32m  OK  [0m] Reached target Local File Systems (Pre).
[[0;32m  OK  [0m] Reached target Local File Systems.
         Starting Set console font and keymap...
         Starting Initial cloud-init job (pre-networking)...
         Starting LSB: AppArmor initialization...
         Starting Create Volatile Files and Directories...
         Starting Tell Plymouth To Write Out Runtime Data...
         Starting Commit a transient machine-id on disk...
[[0;32m  OK  [0m] Started Create Volatile Files and Directories.
[[0;32m  OK  [0m] Started Tell Plymouth To Write Out Runtime Data.
[[0;32m  OK  [0m] Found device /dev/ttyS0.
         Starting Update UTMP about System Boot/Shutdown...
[[0;32m  OK  [0m] Started Commit a transient machine-id on disk.
[[0;32m  OK  [0m] Started Update UTMP about System Boot/Shutdown.
[[0;32m  OK  [0m] Listening on Load/Save RF Kill Switch Status /dev/rfkill Watch.
[   15.445295] cloud-init[497]: Cloud-init v. 18.3-9-g2e62cb8a-0ubuntu1~16.04.2 running 'init-local' at Fri, 24 Aug 2018 18:07:34 +0000. Up 15.03 seconds.
[[0;32m  OK  [0m] Started LSB: AppArmor initialization.
[[0;32m  OK  [0m] Started Initial cloud-init job (pre-networking).
[[0;32m  OK  [0m] Reached target Network (Pre).
         Starting Raise network interfaces...
[[0;32m  OK  [0m] Started Set console font and keymap.
[[0;32m  OK  [0m] Created slice system-getty.slice.
[[0;32m  OK  [0m] Started Raise network interfaces.
[[0;32m  OK  [0m] Reached target Network.
         Starting Initial cloud-init job (metadata service crawler)...
[   16.858605] cloud-init[941]: Cloud-init v. 18.3-9-g2e62cb8a-0ubuntu1~16.04.2 running 'init' at Fri, 24 Aug 2018 18:07:36 +0000. Up 16.38 seconds.
[   16.878558] cloud-init[941]: ci-info: ++++++++++++++++++++++++++++++++++++++Net device info+++++++++++++++++++++++++++++++++++++++
[   16.913349] cloud-init[941]: ci-info: +--------+-------+----------------------------+---------------+--------+-------------------+
[   16.913802] cloud-init[941]: ci-info: | Device |   Up  |          Address           |      Mask     | Scope  |     Hw-Address    |
[[0;32m  OK  [0m] Started Initial cloud-init job (metadata service crawler).
[   16.914236] cloud-init[941]: ci-info: +--------+-------+----------------------------+---------------+--------+-------------------+
[   17.148807] cloud-init[941]: ci-info: | enp0s3 |  True |         10.0.2.15          | 255.255.255.0 | global | 02:93:23:4d:82:b3 |
[   17.149552] cloud-init[941]: ci-info: | enp0s3 |  True | fe80::93:23ff:fe4d:82b3/64 |       .       |  link  | 02:93:23:4d:82:b3 |
[   17.150058] cloud-init[941]: ci-info: | enp0s8 | False |             .              |       .       |   .    | 08:00:27:a7:ac:6c |
[   17.150448] cloud-init[941]: ci-info: |   lo   |  True |         127.0.0.1          |   255.0.0.0   |  host  |         .         |
[   17.150842] cloud-init[941]: ci-info: |   lo   |  True |          ::1/128           |       .       |  host  |         .         |
[   17.151255] cloud-init[941]: ci-info: +--------+-------+----------------------------+---------------+--------+-------------------+
[   17.151630] cloud-init[941]: ci-info: +++++++++++++++++++++++++++Route IPv4 info++++++++++++++++++++++++++++
[   17.152031] cloud-init[941]: ci-info: +-------+-------------+----------+---------------+-----------+-------+
[   17.152869] cloud-init[941]: ci-info: | Route | Destination | Gateway  |    Genmask    | Interface | Flags |
[   17.153204] cloud-init[941]: ci-info: +-------+-------------+----------+---------------+-----------+-------+
[   17.153445] cloud-init[941]: ci-info: |   0   |   0.0.0.0   | 10.0.2.2 |    0.0.0.0    |   enp0s3  |   UG  |
[[0;32m  OK  [0m] Reached target System Initialization.
[[   17.153771] cloud-init[941]: ci-info: |   1   |   10.0.2.0  | 0.0.0.0  | 255.255.255.0 |   enp0s3  |   U   |
[   17.487245] cloud-init[941]: ci-info: +-------+-------------+----------+---------------+-----------+-------+
[   17.487619] cloud-init[941]: ci-info: +++++++++++++++++++Route IPv6 info+++++++++++++++++++
[   17.488430] cloud-init[941]: ci-info: +-------+-------------+---------+-----------+-------+
[   17.488947] cloud-init[941]: ci-info: | Route | Destination | Gateway | Interface | Flags |
[   17.489182] cloud-init[941]: ci-info: +-------+-------------+---------+-----------+-------+
[   17.489488] cloud-init[941]: ci-info: |   0   |  fe80::/64  |    ::   |   enp0s3  |   U   |
[   17.489821] cloud-init[941]: ci-info: |   3   |   ff00::/8  |    ::   |   enp0s3  |   U   |
[   17.490100] cloud-init[941]: ci-info: +-------+-------------+---------+-----------+-------+
[   17.490405] cloud-init[941]: Generating public/private rsa key pair.
[   17.490733] cloud-init[941]: Your identification has been saved in /etc/ssh/ssh_host_rsa_key.
[   17.491051] cloud-init[941]: Your public key has been saved in /etc/ssh/ssh_host_rsa_key.pub.
[   17.491361] cloud-init[941]: The key fingerprint is:
[   17.491677] cloud-init[941]: SHA256:56DHpniJG3C9h89M77nvlyaPgUv127HLArc9lorY1kI root@ubuntu-xenial
[   17.492015] cloud-init[941]: The key's randomart image is:
[0;32m  OK  [0m] Started Daily Cleanup of Temporary Directories.
         [   17.492839] cloud-init[941]: +---[RSA 2048]----+
[   17.663842] cloud-init[941]: |                 |
[   17.664454] cloud-init[941]: |                 |
[   17.664774] cloud-init[941]: |                 |
[   17.665086] cloud-init[941]: |     .           |
[   17.665403] cloud-init[941]: |  . . . S . .    |
[   17.665721] cloud-init[941]: |   o   = + E o   |
[   17.666039] cloud-init[941]: |    ..+.* = = +o.|
[   17.666400] cloud-init[941]: |    .ooX oo=o*=Bo|
[   17.666722] cloud-init[941]: |    oo. +oB*=**++|
[   17.666961] cloud-init[941]: +----[SHA256]-----+
[   17.667203] cloud-init[941]: Generating public/private dsa key pair.
[   17.667445] cloud-init[941]: Your identification has been saved in /etc/ssh/ssh_host_dsa_key.
[   17.667801] cloud-init[941]: Your public key has been saved in /etc/ssh/ssh_host_dsa_key.pub.
[   17.668083] cloud-init[941]: The key fingerprint is:
[   17.668363] cloud-init[941]: SHA256:NV1nkFutPKmM1W8sBbxsdLE5w+njhOoWV/28a3txZyY root@ubuntu-xenial
[   17.668668] cloud-init[941]: The key's randomart image is:
[   17.668968] cloud-init[941]: +---[DSA 1024]----+
[   17.669276] cloud-init[941]: |             .o+=|
[   17.669584] cloud-init[941]: |           . .*oB|
[   17.669891] cloud-init[941]: |          o .= /.|
[   17.670199] cloud-init[941]: |         . .. &.=|
[   17.670509] cloud-init[941]: |        S  + +.X.|
[   17.670814] cloud-init[941]: |          ..+.E.%|
[   17.671123] cloud-init[941]: |           .o  B=|
[   17.671429] cloud-init[941]: |          ..   o.|
[   17.671738] cloud-init[941]: |          ..  .o+|
[   17.672005] cloud-init[941]: +----[SHA256]-----+
[   17.672561] cloud-init[941]: Generating public/private ecdsa key pair.
[   17.672801] cloud-init[941]: Your identification has been saved in /etc/ssh/ssh_host_ecdsa_key.
[   17.673034] cloud-init[941]: Your public key has been saved in /etc/ssh/ssh_host_ecdsa_key.pub.
[   17.673269] cloud-init[941]: The key fingerprint is:
[   17.673500] cloud-init[941]: SHA256:lJkd98o9a6653dP3W7o5vgvTKjrJ/l2Vnx25m836zhE root@ubuntu-xenial
[   17.673735] cloud-init[941]: The key's randomart image is:
[   17.673966] cloud-init[941]: +---[ECDSA 256]---+
[   17.674189] cloud-init[941]: |          . .    |
[   17.674504] cloud-init[941]: |         = o .   |
[   17.674745] cloud-init[941]: |        = .   .  |
[   17.674966] cloud-init[941]: |       .   . o  o|
[   17.675189] cloud-init[941]: |        S   o oE.|
[   17.675467] cloud-init[941]: |             . +B|
[   17.675683] cloud-init[941]: |       . .  o =+=|
[   17.675940] cloud-init[941]: |        + .. X.BO|
Starting Socket activation for snappy daemon.
[   17.676282] cloud-init[941]: |       .o+..*+@%&|
[   18.517812] cloud-init[941]: +----[SHA256]-----+
[   18.518352] cloud-init[941]: Generating public/private ed25519 key pair.
[   18.518704] cloud-init[941]: Your identification has been saved in /etc/ssh/ssh_host_ed25519_key.
[   18.519002] cloud-init[941]: Your public key has been saved in /etc/ssh/ssh_host_ed25519_key.pub.
[   18.519320] cloud-init[941]: The key fingerprint is:
[   18.519641] cloud-init[941]: SHA256:OkD6AkMzpgb5wYWEug40kV2Dxr0LW033GQ7cVa1MWTI root@ubuntu-xenial
[   18.519949] cloud-init[941]: The key's randomart image is:
[   18.520592] cloud-init[941]: +--[ED25519 256]--+
[   18.520869] cloud-init[941]: | o=.=o  . . ..E+o|
[   18.521132] cloud-init[941]: |.=.* ... + o  oo.|
[   18.521649] cloud-init[941]: |+== . + . + oo . |
[   18.521769] cloud-init[941]: |*+o= o .   +  o  |
[[0;32m  OK  [0m] Listening on ACPID Listen Socket.
[   18.522182] [cloud-init[0;32m  OK  [0m[941]: ] |=o+ = . S        |Listening on UUID daemon activation socket.

[   18.697546] cloud-init[941]: |+o o o .         |
[   18.697928] cloud-init[941]: |o . . o          |
[   18.698259] cloud-init[941]: | . .   .         |
[   18.698575] cloud-init[941]: |                 |
[   18.698893] cloud-init[941]: +----[SHA256]-----+
[[0;32m  OK  [0m] Started ACPI Events Check.
[[0;32m  OK  [0m] Reached target Paths.
         Starting LXD - unix socket.
[[0;32m  OK  [0m] Listening on D-Bus System Message Bus Socket.
[[0;32m  OK  [0m] Started Daily apt download activities.
[[0;32m  OK  [0m] Started Daily apt upgrade and clean activities.
[[0;32m  OK  [0m] Reached target Timers.
[[0;32m  OK  [0m] Reached target Network is Online.
         Starting iSCSI initiator daemon (iscsid)...
[[0;32m  OK  [0m] Reached target Cloud-config availability.
[[0;32m  OK  [0m] Listening on Socket activation for snappy daemon.
[[0;32m  OK  [0m] Listening on LXD - unix socket.
[[0;32m  OK  [0m] Started iSCSI initiator daemon (iscsid).
         Starting Login to default iSCSI targets...
[[0;32m  OK  [0m] Reached target Sockets.
[[0;32m  OK  [0m] Reached target Basic System.
         Starting LXD - container startup/shutdown...
         Starting Accounts Service...
[[0;32m  OK  [0m] Started Unattended Upgrades Shutdown.
         Starting Login Service...
         Starting LSB: Record successful boot for GRUB...
[[0;32m  OK  [0m] Started Regular background program processing daemon.
[[0;32m  OK  [0m] Started FUSE filesystem for LXC.
[[0;32m  OK  [0m] Started D-Bus System Message Bus.
[[0;32m  OK  [0m] Started Deferred execution scheduler.
         Starting Pollinate to seed the pseudo random number generator...
         Starting LSB: MD monitoring daemon...
[[0;32m  OK  [0m] Started ACPI event daemon.
         Starting /etc/rc.local Compatibility...
         Starting Virtualbox guest utils...
         Starting System Logging Service...
         Starting Snappy daemon...
[[0;32m  OK  [0m] Started System Logging Service.
[[0;32m  OK  [0m] Started LXD - container startup/shutdown.
[[0;32m  OK  [0m] Started /etc/rc.local Compatibility.
[[0;32m  OK  [0m] Started LSB: Record successful boot for GRUB.
[[0;32m  OK  [0m] Started Snappy daemon.
[[0;32m  OK  [0m] Started Login to default iSCSI targets.
[[0;32m  OK  [0m] Started LSB: MD monitoring daemon.
[[0;32m  OK  [0m] Started Virtualbox guest utils.
[[0;32m  OK  [0m] Started Login Service.
         Starting Authenticate and Authorize Users to Run Privileged Tasks...
[[0;32m  OK  [0m] Reached target Remote File Systems (Pre).
[[0;32m  OK  [0m] Reached target Remote File Systems.
         Starting LSB: automatic crash report generation...
         Starting Permit User Sessions...
         Starting LSB: daemon to balance interrupts for SMP systems...
         Starting LSB: Set the CPU Frequency Scaling governor to "ondemand"...
         Starting Wait until snapd is fully seeded...
[[0;32m  OK  [0m] Started Permit User Sessions.
[[0;32m  OK  [0m] Started Authenticate and Authorize Users to Run Privileged Tasks.
[[0;32m  OK  [0m] Started Accounts Service.
[[0;32m  OK  [0m] Started LSB: automatic crash report generation.
         Starting Terminate Plymouth Boot Screen...
         Starting Hold until boot process finishes up...
[[0;32m  OK  [0m] Started LSB: daemon to balance interrupts for SMP systems.
[[0;32m  OK  [0m] Started LSB: Set the CPU Frequency Scaling governor to "ondemand".
[[0;32m  OK  [0m] Started Terminate Plymouth Boot Screen.
[[0;32m  OK  [0m] Started Hold until boot process finishes up.
         Starting Set console scheme...
[[0;32m  OK  [0m] Started Serial Getty on ttyS0.
[[0;32m  OK  [0m] Started Getty on tty1.
[[0;32m  OK  [0m] Reached target Login Prompts.
[[0;32m  OK  [0m] Started Set console scheme.
[[0;32m  OK  [0m] Started Pollinate to seed the pseudo random number generator.
         Starting OpenBSD Secure Shell server...
[[0;32m  OK  [0m] Started OpenBSD Secure Shell server.
[[0;32m  OK  [0m] Created slice User Slice of vagrant.
         Starting User Manager for UID 1000...
[[0;32m  OK  [0m] Started User Manager for UID 1000.
[[0;32m  OK  [0m] Started Session 1 of user vagrant.
[[0;32m  OK  [0m] Started Wait until snapd is fully seeded.
         Starting Apply the settings specified in cloud-config...
[[0;32m  OK  [0m] Reached target Multi-User System.
[[0;32m  OK  [0m] Reached target Graphical Interface.
         Starting Update UTMP about System Runlevel Changes...
[[0;32m  OK  [0m] Started Update UTMP about System Runlevel Changes.
[   25.236731] cloud-init[1413]: Generating locales (this might take a while)...

Ubuntu 16.04.5 LTS ubuntu-xenial ttyS0

ubuntu-xenial login: [   26.029335] cloud-init[1413]:   en_US.UTF-8... done
[   26.030676] cloud-init[1413]: Generation complete.
[   26.362927] cloud-init[1413]: Cloud-init v. 18.3-9-g2e62cb8a-0ubuntu1~16.04.2 running 'modules:config' at Fri, 24 Aug 2018 18:07:44 +0000. Up 24.97 seconds.
ci-info: no authorized ssh keys fingerprints found for user ubuntu.
<14>Aug 24 18:07:46 ec2: 
<14>Aug 24 18:07:46 ec2: #############################################################
<14>Aug 24 18:07:46 ec2: -----BEGIN SSH HOST KEY FINGERPRINTS-----
<14>Aug 24 18:07:46 ec2: 1024 SHA256:NV1nkFutPKmM1W8sBbxsdLE5w+njhOoWV/28a3txZyY root@ubuntu-xenial (DSA)
<14>Aug 24 18:07:46 ec2: 256 SHA256:lJkd98o9a6653dP3W7o5vgvTKjrJ/l2Vnx25m836zhE root@ubuntu-xenial (ECDSA)
<14>Aug 24 18:07:46 ec2: 256 SHA256:OkD6AkMzpgb5wYWEug40kV2Dxr0LW033GQ7cVa1MWTI root@ubuntu-xenial (ED25519)
<14>Aug 24 18:07:46 ec2: 2048 SHA256:56DHpniJG3C9h89M77nvlyaPgUv127HLArc9lorY1kI root@ubuntu-xenial (RSA)
<14>Aug 24 18:07:46 ec2: -----END SSH HOST KEY FINGERPRINTS-----
<14>Aug 24 18:07:46 ec2: #############################################################
-----BEGIN SSH HOST KEY KEYS-----
ecdsa-sha2-nistp256 AAAAE2VjZHNhLXNoYTItbmlzdHAyNTYAAAAIbmlzdHAyNTYAAABBBLYpSliwNIKtlqc9QwGC9YzQ0W5aEaupYRxLn0G2u03kJuCIP0XHBt6XLPJFJo+nVDDVNpvsCdVqB/yGQltbdPU= root@ubuntu-xenial
ssh-ed25519 AAAAC3NzaC1lZDI1NTE5AAAAIFQNjDQz2m6oQIuyoyXAOtlOHiQOZtYstoh8yyLGMNuZ root@ubuntu-xenial
ssh-rsa AAAAB3NzaC1yc2EAAAADAQABAAABAQDidesHCPuL0Xzk4oRqwD5lGsNvB8VyDbSvntq6NGri7ygna5ZUnOAHtIrI3xE7pVkDu+URHOdaAqRl5IwGRFPskBK8DxHPl6gE3lgQc9gijhGYpZJ14sM55THefnIh+WCBlYTnSiOQ7CmHwChf2JQVaF+C1YatKadJ3oh+3rm104tty608Qp77J74kfDjr8Ga+NzL37XcTch6VCm7XGw33f/wRMgshYOI1rSoiOWK2+UCVPaYqu7n5y/NFFXmVtwI89c+vozkYXM/8xBvNi45inpzYqph/wdlhxxqGTdtozgstrO5ipun1Y3tnY4HNO+K4rLPLFUcfw/LW+CEpPiht root@ubuntu-xenial
-----END SSH HOST KEY KEYS-----
[   26.981817] cloud-init[1686]: Cloud-init v. 18.3-9-g2e62cb8a-0ubuntu1~16.04.2 running 'modules:final' at Fri, 24 Aug 2018 18:07:46 +0000. Up 26.83 seconds.
[   26.981967] cloud-init[1686]: ci-info: no authorized ssh keys fingerprints found for user ubuntu.
[   26.982058] cloud-init[1686]: Cloud-init v. 18.3-9-g2e62cb8a-0ubuntu1~16.04.2 finished at Fri, 24 Aug 2018 18:07:46 +0000. Datasource DataSourceNoCloud [seed=/dev/sdb][dsmode=net].  Up 26.97 seconds
[  444.905279] e1000 0000:00:03.0 enp0s3: Detected Tx Unit Hang
[  444.905279]   Tx Queue             <0>
[  444.905279]   TDH                  <5b>
[  444.905279]   TDT                  <5d>
[  444.905279]   next_to_use          <5d>
[  444.905279]   next_to_clean        <5b>
[  444.905279] buffer_info[next_to_clean]
[  444.905279]   time_stamp           <10000877e>
[  444.905279]   next_to_watch        <5c>
[  444.905279]   jiffies              <1000089d3>
[  444.905279]   next_to_watch.status <0>
[  446.907976] e1000 0000:00:03.0 enp0s3: Detected Tx Unit Hang
[  446.907976]   Tx Queue             <0>
[  446.907976]   TDH                  <5b>
[  446.907976]   TDT                  <5d>
[  446.907976]   next_to_use          <5d>
[  446.907976]   next_to_clean        <5b>
[  446.907976] buffer_info[next_to_clean]
[  446.907976]   time_stamp           <10000877e>
[  446.907976]   next_to_watch        <5c>
[  446.907976]   jiffies              <100008bc8>
[  446.907976]   next_to_watch.status <0>
[  448.911062] e1000 0000:00:03.0 enp0s3: Detected Tx Unit Hang
[  448.911062]   Tx Queue             <0>
[  448.911062]   TDH                  <5b>
[  448.911062]   TDT                  <5d>
[  448.911062]   next_to_use          <5d>
[  448.911062]   next_to_clean        <5b>
[  448.911062] buffer_info[next_to_clean]
[  448.911062]   time_stamp           <10000877e>
[  448.911062]   next_to_watch        <5c>
[  448.911062]   jiffies              <100008dbd>
[  448.911062]   next_to_watch.status <0>
[  449.600093] e1000 0000:00:03.0 enp0s3: Reset adapter
